<?xml version="1.0" encoding="UTF-8"?>
<!-- Generated by org.testng.reporters.JUnitXMLReporter -->
<testsuite hostname="Ajinkya" ignored="2" name="Test" tests="1" failures="0" timestamp="14 Dec 2019 14:05:01 GMT" time="0.042" errors="0">
  <testcase name="test3" time="0.014" classname="com.ajay.java.TestNG.GropupingInTestNG"/>
  <testcase name="test2" time="0.0" classname="com.ajay.java.TestNG.GropupingInTestNG">
    <ignored/>
  </testcase> <!-- test2 -->
  <testcase name="test" time="0.0" classname="com.ajay.java.TestNG.GropupingInTestNG">
    <ignored/>
  </testcase> <!-- test -->
</testsuite> <!-- Test -->
