<?xml version="1.0" encoding="UTF-8"?>
<!-- Generated by org.testng.reporters.JUnitXMLReporter -->
<testsuite hostname="Ajinkya" ignored="0" name="Test" tests="3" failures="1" timestamp="14 Dec 2019 16:40:31 GMT" time="0.173" errors="0">
  <testcase name="fialToTest" time="0.015" classname="com.ajay.java.TestNG.ListnerTestClass">
    <failure type="java.lang.AssertionError" message="expected [true] but found [false]">
      <![CDATA[java.lang.AssertionError: expected [true] but found [false]at com.ajay.java.TestNG.ListnerTestClass.fialToTest(ListnerTestClass.java:22)... Removed 29 stack frames]]>
    </failure>
  </testcase> <!-- fialToTest -->
  <testcase name="sum" time="0.0" classname="com.ajay.java.TestNG.ListnerTestClass"/>
  <testcase name="test" time="0.0" classname="com.ajay.java.TestNG.ListnerTestClass">
    <skipped/>
  </testcase> <!-- test -->
</testsuite> <!-- Test -->
